        -:    0:Source:Password.cpp
        -:    0:Graph:Password.gcno
        -:    0:Data:Password.gcda
        -:    0:Runs:1
        -:    1:#include "Password.h"
        -:    2:#include <string>
        -:    3:#include <vector>
        -:    4:
        -:    5:using namespace std;
        -:    6:
        -:    7:/*
        -:    8:  The function receives a string counts how many times the same character 
        -:    9:  occurs at the beginning of the string, before any other characters (or the
        -:   10:  end of the string). The function is case-sensitive so 'Z' is different than
        -:   11:  'z' and any ASCII characters are allowed.
        -:   12:*/
        4:   13:int Password::count_leading_characters(string phrase){
        4:   14:  int repetition = 1;
        4:   15:  int index = 0;
        5:   16:  while( index < phrase.length()-1 && phrase[index] == phrase[index+1] ){
        1:   17:    repetition++;
        1:   18:    index++;
        -:   19:  }
        4:   20:  return repetition;
        -:   21:}
        -:   22:
        -:   23:/*
        -:   24:  receives a string and returns whether it has both at least one upper-case
        -:   25:  letter and at least one lower-case letter
        -:   26:*/
        -:   27:// Implementation A
        -:   28:#include <cctype>
        6:   29:bool Password::has_mixed_case(string str)
        -:   30:{
        6:   31:  bool has_lower = false;
        6:   32:  bool has_upper = false;
       21:   33:  for (char ch : str)
        -:   34:  {
       15:   35:    if (std::islower(ch))
        -:   36:    {
        5:   37:      has_lower = true;
        -:   38:    }
       10:   39:    else if (std::isupper(ch))
        -:   40:    {
        9:   41:      has_upper = true;
        -:   42:    }
        -:   43:  }
        6:   44:  return has_lower && has_upper;
        -:   45:}
        -:   46:
        -:   47:
        -:   48:// Implementation B
        -:   49:/*
        -:   50:bool Password::has_mixed_case(string str)
        -:   51:{
        -:   52:  int count_lower = 0;
        -:   53:  for (int i = 0; i < str.length(); i++)
        -:   54:  {
        -:   55:    if (str[i] >= 'a' && str[i] <= 'z')
        -:   56:    {
        -:   57:      count_lower++;
        -:   58:    }
        -:   59:  }
        -:   60:  return count_lower > 0 && count_lower < str.length();
        -:   61:}
        -:   62:  */
        -:   63:// Implementation C
        -:   64:/*
        -:   65:bool Password::has_mixed_case(string str)
        -:   66:{
        -:   67:  bool lower = false;
        -:   68:  bool upper = false;
        -:   69:  for (int i = 0; i < str.length(); i++)
        -:   70:  {
        -:   71:    if (str[i] >= 'a' && str[i] <= 'z')
        -:   72:    {
        -:   73:      lower = true;
        -:   74:    }
        -:   75:    else if (str[i] >= 'A' && str[i] <= 'Z')
        -:   76:    {
        -:   77:      upper = true;
        -:   78:    }
        -:   79:  }
        -:   80:  return upper && lower;
        -:   81:}
        -:   82:  */
        -:   83:// Implementation D
        -:   84:/*
        -:   85:#include <cctype>
        -:   86:bool Password::has_mixed_case(string str)
        -:   87:{
        -:   88:  bool is_lower = false;
        -:   89:  bool is_upper = false;
        -:   90:  for (char c : str)
        -:   91:  {
        -:   92:    if (std::islower(c))
        -:   93:    {
        -:   94:      is_lower = true;
        -:   95:    }
        -:   96:    else
        -:   97:    {
        -:   98:      is_upper = true;
        -:   99:    }
        -:  100:  }
        -:  101:  return is_lower && is_upper;
        -:  102:}
        -:  103:  */
        -:  104:// Implementation E
        -:  105:/*
        -:  106:bool Password::has_mixed_case(string str)
        -:  107:{
        -:  108:  bool found = false;
        -:  109:  for(char c : str){
        -:  110:    if( !found && c >= 'A' && c <= 'Z' ){
        -:  111:      found = true;
        -:  112:    }
        -:  113:    else if( found && c >= 'a' && c <= 'z'){
        -:  114:      return true;
        -:  115:    }
        -:  116:  }
        -:  117:  return false;
        -:  118:}
        -:  119:  */
        -:  120:
        5:  121:  unsigned int Password::unique_characters(string s) {
        5:  122:    unsigned int unique = 0;
        5:  123:    vector<char> u;
        -:  124:    bool isUnique;
        -:  125:
        5:  126:    if (s.length() == 0) {
    #####:  127:      return 0;
        -:  128:    }
        -:  129:
       30:  130:    for (int i = 0; i < s.length(); i++) {
       25:  131:      if (i == 0) {
        5:  132:        u.push_back(s[0]);
        5:  133:        unique++;
        -:  134:      } else {
       20:  135:        isUnique = true;
        -:  136:
       58:  137:        for (int j = 0; j < u.size(); j++) {
       38:  138:          if (s[i] == u[j]) {
       10:  139:            isUnique = false;
        -:  140:          }
        -:  141:        }
        -:  142:
       20:  143:        if (isUnique) {
       10:  144:          u.push_back(s[i]);
       10:  145:          unique++;
        -:  146:        }
        -:  147:      }
        -:  148:    }
        5:  149:    return unique;
        5:  150:  }
